<?xml version="1.0" encoding="UTF-8"?>
<!-- Generated by org.testng.reporters.JUnitReportReporter -->
<testsuite skipped="0" hostname="LAPTOP-TUGIUG76" name="TestJetCart" tests="1" failures="0" timestamp="20 Sep 2018 06:24:26 GMT" time="37.933" errors="0">
  <testcase name="validateCart" time="37.933" classname="TestJetCart"/>
</testsuite> <!-- TestJetCart -->
